11:39:22.080 [main                     ] DEBUG Logger               - Configured Logger
11:39:22.106 [main                     ] DEBUG GameApplication      - Logging settings
Title: Drop
Version: 1.0
Width: 1200
Height: 800
Fullscreen: false
Intro: false
Profiling: false
Single step:false
App Mode: DEVELOPER
Menu Key: ESCAPE
Stage Style: DECORATED
Scene Factory: class com.almasb.fxgl.app.scene.SceneFactory

11:39:22.436 [JavaFX Application Thread] DEBUG FXGLApplication      - Initializing FXGL
11:39:22.439 [JavaFX Application Thread] INFO  Engine               - FXGL-17.2 (20.08.2022 16.50) on WINDOWS (J:20.0.1 FX:20-ea)
11:39:22.439 [JavaFX Application Thread] DEBUG Engine               - JRE Vendor Name: Oracle Corporation
11:39:22.439 [JavaFX Application Thread] DEBUG Engine               - Running on OS: Windows 10 version 10.0
11:39:22.439 [JavaFX Application Thread] DEBUG Engine               - Architecture: amd64
11:39:22.439 [JavaFX Application Thread] INFO  Engine               - Source code and latest versions at: https://github.com/AlmasB/FXGL
11:39:22.440 [JavaFX Application Thread] INFO  Engine               -       Ask questions and discuss at: https://github.com/AlmasB/FXGL/discussions
11:39:22.440 [JavaFX Application Thread] INFO  Engine               -              Join the FXGL chat at: https://gitter.im/AlmasB/FXGL
11:39:22.522 [JavaFX Application Thread] DEBUG PrimaryStageWindow   - Creating a JavaFX scene
11:39:22.560 [JavaFX Application Thread] DEBUG PrimaryStageWindow   - Target settings size: 1200.0 x 800.0
11:39:22.560 [JavaFX Application Thread] DEBUG PrimaryStageWindow   - Scaled scene size:    1200.0 x 800.0
11:39:22.560 [JavaFX Application Thread] DEBUG PrimaryStageWindow   - Scaled ratio: (1.0, 1.0)
11:39:22.561 [JavaFX Application Thread] DEBUG PrimaryStageWindow   - Set initial scene to FXGLStartupScene
11:39:22.565 [JavaFX Application Thread] DEBUG PrimaryStageWindow   - Opening main window
11:39:22.655 [JavaFX Application Thread] DEBUG PrimaryStageWindow   - Window border size: (16.0, 39.0)
11:39:22.656 [JavaFX Application Thread] DEBUG PrimaryStageWindow   - Scaled size: 1200.0 x 800.0
11:39:22.656 [JavaFX Application Thread] DEBUG PrimaryStageWindow   - Scaled ratio: (1.0, 1.0)
11:39:22.656 [JavaFX Application Thread] DEBUG PrimaryStageWindow   - Scene size: 1200.0 x 800.0
11:39:22.656 [JavaFX Application Thread] DEBUG PrimaryStageWindow   - Stage size: 1216.0 x 839.0
11:39:22.662 [FXGL Background Thread 1 ] DEBUG Engine               - Initializing environment variables
11:39:22.709 [FXGL Background Thread 1 ] DEBUG FXGLAssetLoaderServi - User app class for loading assets: class com.example.finproject.TDGameApp
11:39:22.709 [FXGL Background Thread 1 ] DEBUG GameApplicationServi - Applying CSS: fxgl_dark.css
11:39:22.710 [FXGL Background Thread 1 ] DEBUG FXGLAssetLoaderServi - Loading from file system: jar:file:///C:/Users/rummel1391/.m2/repository/com/github/almasb/fxgl/17.2/fxgl-17.2.jar!/fxglassets/ui/css/fxgl_dark.css
11:39:22.748 [FXGL Background Thread 1 ] DEBUG GameApplicationServi - Initializing application scenes
11:39:22.790 [FXGL Background Thread 1 ] DEBUG GameWorld            - Game world initialized
11:39:22.844 [FXGL Background Thread 1 ] DEBUG PhysicsWorld         - Physics world initialized: appHeight=800, physics.ppm=50.0
11:39:22.844 [FXGL Background Thread 1 ] DEBUG PhysicsWorld         - Using strategy: BRUTE_FORCE
11:39:22.848 [FXGL Background Thread 1 ] DEBUG GameScene            - Game scene initialized: 1200x800
11:39:22.858 [FXGL Background Thread 1 ] DEBUG FXGL.DefaultMenu     - createMenuBodyGameMenu()
11:39:22.870 [FXGL Background Thread 1 ] DEBUG FXGL.DefaultMenu     - createOptionsMenu()
11:39:22.878 [FXGL Background Thread 1 ] DEBUG FXGLAssetLoaderServi - Loading from file system: jar:file:///C:/Users/rummel1391/.m2/repository/com/github/almasb/fxgl/17.2/fxgl-17.2.jar!/fxglassets/textures/particles/smoke.png
11:39:22.950 [FXGL Background Thread 1 ] DEBUG FXGLAssetLoaderServi - Loading from file system: jar:file:///C:/Users/rummel1391/.m2/repository/com/github/almasb/fxgl/17.2/fxgl-17.2.jar!/fxglassets/textures/particles/trace_horizontal.png
11:39:22.974 [FXGL Background Thread 1 ] DEBUG GameApplicationServi - Application scenes initialized
11:39:22.983 [FXGL Background Thread 1 ] DEBUG SystemBundleService  - Loading FXGL system data
11:39:22.986 [FXGL Background Thread 1 ] DEBUG FileSystemAccess     - Reading from: D:\FinProject\system\fxgl.bundle
11:39:22.994 [FXGL Background Thread 1 ] DEBUG SystemBundleService  - Bundle FXGL: {}
11:39:22.994 [FXGL Background Thread 1 ] DEBUG UpdaterService       - Checking for updates
11:39:22.999 [FXGL Background Thread 4 ] DEBUG FXGLApplication      - Loading fonts
11:39:22.999 [FXGL Background Thread 4 ] DEBUG FXGLAssetLoaderServi - Loading from file system: jar:file:///C:/Users/rummel1391/.m2/repository/com/github/almasb/fxgl/17.2/fxgl-17.2.jar!/fxglassets/ui/fonts/VarelaRound-Regular.ttf
11:39:22.999 [FXGL Background Thread 1 ] DEBUG FXGLApplication      - Loading default localization
11:39:23.000 [FXGL Background Thread 1 ] DEBUG FXGLAssetLoaderServi - Loading from file system: jar:file:///C:/Users/rummel1391/.m2/repository/com/github/almasb/fxgl/17.2/fxgl-17.2.jar!/fxglassets/languages/english.lang
11:39:23.023 [FXGL Background Thread 1 ] INFO  FXGLApplication      - FXGL initialization took: 0.360 sec
11:39:23.030 [JavaFX Application Thread] DEBUG Input                - Registered new binding: Left - A
11:39:23.030 [JavaFX Application Thread] DEBUG Input                - Registered new binding: Right - D
11:39:23.030 [JavaFX Application Thread] DEBUG Input                - Registered new binding: Down - S
11:39:23.031 [JavaFX Application Thread] DEBUG Input                - Registered new binding: Up - W
11:39:23.031 [JavaFX Application Thread] DEBUG FXGLAssetLoaderServi - Loading from file system: jar:file:///C:/Users/rummel1391/.m2/repository/com/github/almasb/fxgl/17.2/fxgl-17.2.jar!/fxglassets/textures/fxgl_icon.png
11:39:23.041 [FXGL Background Thread 4 ] DEBUG FXGLAssetLoaderServi - Loading from file system: jar:file:///C:/Users/rummel1391/.m2/repository/com/github/almasb/fxgl/17.2/fxgl-17.2.jar!/fxglassets/ui/fonts/Abel-Regular.ttf
11:39:23.045 [FXGL Background Thread 4 ] DEBUG FXGLAssetLoaderServi - Loading from file system: jar:file:///C:/Users/rummel1391/.m2/repository/com/github/almasb/fxgl/17.2/fxgl-17.2.jar!/fxglassets/ui/fonts/TerminalLandMono-Regular.otf
11:39:23.048 [FXGL Background Thread 4 ] DEBUG FXGLAssetLoaderServi - Loading from file system: jar:file:///C:/Users/rummel1391/.m2/repository/com/github/almasb/fxgl/17.2/fxgl-17.2.jar!/fxglassets/ui/fonts/Courier-Prime.ttf
11:39:23.054 [JavaFX Application Thread] DEBUG FXGLAssetLoaderServi - Loading from file system: jar:file:///C:/Users/rummel1391/.m2/repository/com/github/almasb/fxgl/17.2/fxgl-17.2.jar!/fxglassets/textures/fxgl_default_cursor.png
11:39:23.056 [JavaFX Application Thread] DEBUG Input                - Registered new binding: Screenshot - CTRL+8
11:39:23.056 [JavaFX Application Thread] DEBUG Input                - Registered new binding: System info dump - CTRL+9
11:39:23.056 [JavaFX Application Thread] DEBUG Input                - Registered new binding: Restart - CTRL+R
11:39:23.057 [JavaFX Application Thread] DEBUG Input                - Registered new binding: Toggle Debug Camera - CTRL+7
11:39:23.059 [JavaFX Application Thread] DEBUG LoopRunner           - Starting loop
11:39:23.059 [JavaFX Application Thread] DEBUG LoopRunner           - Initializing JavaFX AnimationTimerLoop
11:39:23.061 [JavaFX Application Thread] DEBUG GameApplicationServi - Starting new game
11:39:23.061 [JavaFX Application Thread] DEBUG Input                - Clearing active input actions
11:39:23.071 [JavaFX Application Thread] DEBUG GameApplicationServi - Removing overlay from FXGLStartupScene and adding to FXGLLoadingScene
11:39:23.072 [JavaFX Application Thread] DEBUG PrimaryStageWindow   - FXGLStartupScene -> FXGLLoadingScene
11:39:23.072 [JavaFX Application Thread] DEBUG GameApplicationServi - Clearing previous game
11:39:23.072 [JavaFX Application Thread] DEBUG GameScene            - Clearing game scene
11:39:23.072 [JavaFX Application Thread] DEBUG GameWorld            - Clearing game world
11:39:23.072 [JavaFX Application Thread] DEBUG PhysicsWorld         - Clearing physics world
11:39:23.073 [JavaFX Application Thread] DEBUG FXGLApplication      - Registering font factories with UI factory
11:39:23.073 [FXGL Background Thread 4 ] DEBUG FXGLApplication      - Initializing game
11:39:23.081 [FXGL Background Thread 4 ] DEBUG FXGLAssetLoaderServi - Loading from file system: file:/D:/FinProject/target/classes/assets/textures/player.png
11:39:23.220 [FXGL Background Thread 4 ] INFO  FXGLApplication      - Game initialization took: 0.146 sec
11:39:23.220 [JavaFX Application Thread] DEBUG Input                - Clearing active input actions
11:39:23.229 [JavaFX Application Thread] DEBUG GameApplicationServi - Removing overlay from FXGLLoadingScene and adding to GameScene
11:39:23.229 [JavaFX Application Thread] DEBUG PrimaryStageWindow   - FXGLLoadingScene -> GameScene
11:39:23.347 [FXGL Background Thread 2 ] INFO  UpdaterService       - Your current version:  17.2
11:39:23.347 [FXGL Background Thread 2 ] INFO  UpdaterService       - Latest stable version: 17.3
11:39:25.998 [FXGL Background Thread 3 ] DEBUG Engine               - Logging environment variables
11:39:25.999 [FXGL Background Thread 3 ] DEBUG Engine               - achievements: []
11:39:25.999 [FXGL Background Thread 3 ] DEBUG Engine               - actualHeight: 800.0
11:39:26.000 [FXGL Background Thread 3 ] DEBUG Engine               - actualHeightProperty: ReadOnlyDoubleProperty [value: 800.0]
11:39:26.000 [FXGL Background Thread 3 ] DEBUG Engine               - actualWidth: 1200.0
11:39:26.000 [FXGL Background Thread 3 ] DEBUG Engine               - actualWidthProperty: ReadOnlyDoubleProperty [value: 1200.0]
11:39:26.001 [FXGL Background Thread 3 ] DEBUG Engine               - appIcon: fxgl_icon.png
11:39:26.001 [FXGL Background Thread 3 ] DEBUG Engine               - applicationMode: DEVELOPER
11:39:26.001 [FXGL Background Thread 3 ] DEBUG Engine               - cSSList: [fxgl_dark.css]
11:39:26.001 [FXGL Background Thread 3 ] DEBUG Engine               - collisionDetectionStrategy: BRUTE_FORCE
11:39:26.002 [FXGL Background Thread 3 ] DEBUG Engine               - configClass: Optional.empty
11:39:26.002 [FXGL Background Thread 3 ] DEBUG Engine               - credits: []
11:39:26.002 [FXGL Background Thread 3 ] DEBUG Engine               - defaultCursor: CursorInfo(imageName=fxgl_default_cursor.png, hotspotX=7.0, hotspotY=6.0)
11:39:26.002 [FXGL Background Thread 3 ] DEBUG Engine               - devBBoxColorProperty: ObjectProperty [value: 0xff0000ff]
11:39:26.002 [FXGL Background Thread 3 ] DEBUG Engine               - devEnableDebugCameraProperty: BooleanProperty [value: false]
11:39:26.002 [FXGL Background Thread 3 ] DEBUG Engine               - devSensorColorProperty: ObjectProperty [value: 0xffff00ff]
11:39:26.002 [FXGL Background Thread 3 ] DEBUG Engine               - devShowBBoxProperty: BooleanProperty [value: false]
11:39:26.003 [FXGL Background Thread 3 ] DEBUG Engine               - devShowPositionProperty: BooleanProperty [value: false]
11:39:26.003 [FXGL Background Thread 3 ] DEBUG Engine               - enabledMenuItems: []
11:39:26.003 [FXGL Background Thread 3 ] DEBUG Engine               - engineServices: [class com.almasb.fxgl.app.services.FXGLAssetLoaderService, class com.almasb.fxgl.app.FXGLApplication$GameApplicationService, class com.almasb.fxgl.app.services.FXGLDialogService, class com.almasb.fxgl.app.services.IOTaskExecutorService, class com.almasb.fxgl.io.FileSystemService, class com.almasb.fxgl.localization.LocalizationService, class com.almasb.fxgl.app.services.SystemBundleService, class com.almasb.fxgl.profile.SaveLoadService, class com.almasb.fxgl.ui.FXGLUIFactoryServiceProvider, class com.almasb.fxgl.ui.FXGLDialogFactoryServiceProvider, class com.almasb.fxgl.audio.AudioPlayer, class com.almasb.fxgl.notification.impl.NotificationServiceProvider, class com.almasb.fxgl.achievement.AchievementService, class com.almasb.fxgl.cutscene.CutsceneService, class com.almasb.fxgl.minigames.MiniGameService, class com.almasb.fxgl.net.NetService, class com.almasb.fxgl.app.services.UpdaterService, class com.almasb.fxgl.dev.DevService]
11:39:26.003 [FXGL Background Thread 3 ] DEBUG Engine               - fontGame: Abel-Regular.ttf
11:39:26.003 [FXGL Background Thread 3 ] DEBUG Engine               - fontMono: TerminalLandMono-Regular.otf
11:39:26.003 [FXGL Background Thread 3 ] DEBUG Engine               - fontText: Courier-Prime.ttf
11:39:26.003 [FXGL Background Thread 3 ] DEBUG Engine               - fontUI: VarelaRound-Regular.ttf
11:39:26.003 [FXGL Background Thread 3 ] DEBUG Engine               - fullScreen: BooleanProperty [value: false]
11:39:26.003 [FXGL Background Thread 3 ] DEBUG Engine               - gameDifficulty: MEDIUM
11:39:26.003 [FXGL Background Thread 3 ] DEBUG Engine               - gameDifficultyProperty: ObjectProperty [value: MEDIUM]
11:39:26.003 [FXGL Background Thread 3 ] DEBUG Engine               - globalMusicVolume: 0.5
11:39:26.003 [FXGL Background Thread 3 ] DEBUG Engine               - globalMusicVolumeProperty: DoubleProperty [value: 0.5]
11:39:26.003 [FXGL Background Thread 3 ] DEBUG Engine               - globalSoundVolume: 0.5
11:39:26.003 [FXGL Background Thread 3 ] DEBUG Engine               - globalSoundVolumeProperty: DoubleProperty [value: 0.5]
11:39:26.003 [FXGL Background Thread 3 ] DEBUG Engine               - height: 800
11:39:26.003 [FXGL Background Thread 3 ] DEBUG Engine               - is3D: false
11:39:26.003 [FXGL Background Thread 3 ] DEBUG Engine               - isAndroid: false
11:39:26.003 [FXGL Background Thread 3 ] DEBUG Engine               - isBrowser: false
11:39:26.003 [FXGL Background Thread 3 ] DEBUG Engine               - isClickFeedbackEnabled: false
11:39:26.004 [FXGL Background Thread 3 ] DEBUG Engine               - isCloseConfirmation: false
11:39:26.004 [FXGL Background Thread 3 ] DEBUG Engine               - isDesktop: true
11:39:26.004 [FXGL Background Thread 3 ] DEBUG Engine               - isDeveloperMenuEnabled: false
11:39:26.004 [FXGL Background Thread 3 ] DEBUG Engine               - isEmbedded: false
11:39:26.004 [FXGL Background Thread 3 ] DEBUG Engine               - isEntityPreloadEnabled: true
11:39:26.004 [FXGL Background Thread 3 ] DEBUG Engine               - isExperimentalTiledLargeMap: false
11:39:26.004 [FXGL Background Thread 3 ] DEBUG Engine               - isFileSystemWriteAllowed: true
11:39:26.004 [FXGL Background Thread 3 ] DEBUG Engine               - isFullScreenAllowed: false
11:39:26.004 [FXGL Background Thread 3 ] DEBUG Engine               - isFullScreenFromStart: false
11:39:26.004 [FXGL Background Thread 3 ] DEBUG Engine               - isGameMenuEnabled: true
11:39:26.004 [FXGL Background Thread 3 ] DEBUG Engine               - isIOS: false
11:39:26.004 [FXGL Background Thread 3 ] DEBUG Engine               - isIntroEnabled: false
11:39:26.004 [FXGL Background Thread 3 ] DEBUG Engine               - isLinux: false
11:39:26.004 [FXGL Background Thread 3 ] DEBUG Engine               - isMac: false
11:39:26.004 [FXGL Background Thread 3 ] DEBUG Engine               - isMainMenuEnabled: false
11:39:26.004 [FXGL Background Thread 3 ] DEBUG Engine               - isManualResizeEnabled: false
11:39:26.004 [FXGL Background Thread 3 ] DEBUG Engine               - isMobile: false
11:39:26.004 [FXGL Background Thread 3 ] DEBUG Engine               - isNative: false
11:39:26.004 [FXGL Background Thread 3 ] DEBUG Engine               - isPauseMusicWhenMinimized: true
11:39:26.004 [FXGL Background Thread 3 ] DEBUG Engine               - isPreserveResizeRatio: false
11:39:26.004 [FXGL Background Thread 3 ] DEBUG Engine               - isProfilingEnabled: false
11:39:26.005 [FXGL Background Thread 3 ] DEBUG Engine               - isScaleAffectedOnResize: true
11:39:26.005 [FXGL Background Thread 3 ] DEBUG Engine               - isSingleStep: false
11:39:26.005 [FXGL Background Thread 3 ] DEBUG Engine               - isUserProfileEnabled: false
11:39:26.005 [FXGL Background Thread 3 ] DEBUG Engine               - isWindows: true
11:39:26.005 [FXGL Background Thread 3 ] DEBUG Engine               - language: ObjectProperty [value: ENGLISH]
11:39:26.005 [FXGL Background Thread 3 ] DEBUG Engine               - menuKey: ESCAPE
11:39:26.005 [FXGL Background Thread 3 ] DEBUG Engine               - mouseSensitivity: 0.2
11:39:26.005 [FXGL Background Thread 3 ] DEBUG Engine               - notificationViewClass: class com.almasb.fxgl.notification.view.XboxNotificationView
11:39:26.005 [FXGL Background Thread 3 ] DEBUG Engine               - pixelsPerMeter: 50.0
11:39:26.005 [FXGL Background Thread 3 ] DEBUG Engine               - platform: WINDOWS
11:39:26.005 [FXGL Background Thread 3 ] DEBUG Engine               - prefHeightProperty: ReadOnlyDoubleProperty [value: 800.0]
11:39:26.005 [FXGL Background Thread 3 ] DEBUG Engine               - prefWidthProperty: ReadOnlyDoubleProperty [value: 1200.0]
11:39:26.005 [FXGL Background Thread 3 ] DEBUG Engine               - profileDir: profiles/
11:39:26.005 [FXGL Background Thread 3 ] DEBUG Engine               - profileName: StringProperty [value: DEFAULT]
11:39:26.005 [FXGL Background Thread 3 ] DEBUG Engine               - randomSeed: -1
11:39:26.005 [FXGL Background Thread 3 ] DEBUG Engine               - runtimeInfo: RuntimeInfo(platform=WINDOWS, version=17.2, build=20.08.2022 16.50)
11:39:26.005 [FXGL Background Thread 3 ] DEBUG Engine               - saveFileExt: sav
11:39:26.006 [FXGL Background Thread 3 ] DEBUG Engine               - scaledHeightProp$fxgl: DoubleProperty [bound, value: 800.0]
11:39:26.006 [FXGL Background Thread 3 ] DEBUG Engine               - scaledWidthProp$fxgl: DoubleProperty [bound, value: 1200.0]
11:39:26.006 [FXGL Background Thread 3 ] DEBUG Engine               - sceneFactory: com.almasb.fxgl.app.scene.SceneFactory@1fa6871a
11:39:26.006 [FXGL Background Thread 3 ] DEBUG Engine               - secondsIn24h: 60
11:39:26.006 [FXGL Background Thread 3 ] DEBUG Engine               - soundMenuBack: menu/back.wav
11:39:26.006 [FXGL Background Thread 3 ] DEBUG Engine               - soundMenuPress: menu/press.wav
11:39:26.006 [FXGL Background Thread 3 ] DEBUG Engine               - soundMenuSelect: menu/select.wav
11:39:26.006 [FXGL Background Thread 3 ] DEBUG Engine               - soundNotification: core/notification.wav
11:39:26.006 [FXGL Background Thread 3 ] DEBUG Engine               - stageStyle: DECORATED
11:39:26.006 [FXGL Background Thread 3 ] DEBUG Engine               - supportedLanguages: [ENGLISH, FRENCH, GERMAN, HUNGARIAN, RUSSIAN]
11:39:26.006 [FXGL Background Thread 3 ] DEBUG Engine               - ticksPerSecond: -1
11:39:26.006 [FXGL Background Thread 3 ] DEBUG Engine               - title: Drop
11:39:26.006 [FXGL Background Thread 3 ] DEBUG Engine               - urlGithub: https://github.com/AlmasB/FXGL
11:39:26.006 [FXGL Background Thread 3 ] DEBUG Engine               - urlLeaderboard: http://fxgl-top.herokuapp.com/
11:39:26.006 [FXGL Background Thread 3 ] DEBUG Engine               - urlPOM: https://raw.githubusercontent.com/AlmasB/FXGL/release/README.md
11:39:26.006 [FXGL Background Thread 3 ] DEBUG Engine               - userAppClass: class com.example.finproject.TDGameApp
11:39:26.006 [FXGL Background Thread 3 ] DEBUG Engine               - version: 1.0
11:39:26.006 [FXGL Background Thread 3 ] DEBUG Engine               - versionCheckDays: 7
11:39:26.006 [FXGL Background Thread 3 ] DEBUG Engine               - width: 1200
11:39:26.006 [FXGL Background Thread 3 ] DEBUG Engine               - Logging services
11:39:26.006 [FXGL Background Thread 3 ] DEBUG Engine               - class com.almasb.fxgl.app.services.FXGLAssetLoaderService
11:39:26.007 [FXGL Background Thread 3 ] DEBUG Engine               - class com.almasb.fxgl.app.FXGLApplication$GameApplicationService
11:39:26.007 [FXGL Background Thread 3 ] DEBUG Engine               - class com.almasb.fxgl.app.services.FXGLDialogService
11:39:26.007 [FXGL Background Thread 3 ] DEBUG Engine               - class com.almasb.fxgl.app.services.IOTaskExecutorService
11:39:26.007 [FXGL Background Thread 3 ] DEBUG Engine               - class com.almasb.fxgl.io.FileSystemService
11:39:26.007 [FXGL Background Thread 3 ] DEBUG Engine               - class com.almasb.fxgl.localization.LocalizationService
11:39:26.007 [FXGL Background Thread 3 ] DEBUG Engine               - class com.almasb.fxgl.app.services.SystemBundleService
11:39:26.007 [FXGL Background Thread 3 ] DEBUG Engine               - class com.almasb.fxgl.profile.SaveLoadService
11:39:26.007 [FXGL Background Thread 3 ] DEBUG Engine               - class com.almasb.fxgl.ui.FXGLUIFactoryServiceProvider
11:39:26.007 [FXGL Background Thread 3 ] DEBUG Engine               - class com.almasb.fxgl.ui.FXGLDialogFactoryServiceProvider
11:39:26.007 [FXGL Background Thread 3 ] DEBUG Engine               - class com.almasb.fxgl.audio.AudioPlayer
11:39:26.007 [FXGL Background Thread 3 ] DEBUG Engine               - class com.almasb.fxgl.notification.impl.NotificationServiceProvider
11:39:26.007 [FXGL Background Thread 3 ] DEBUG Engine               - class com.almasb.fxgl.achievement.AchievementService
11:39:26.007 [FXGL Background Thread 3 ] DEBUG Engine               - class com.almasb.fxgl.cutscene.CutsceneService
11:39:26.007 [FXGL Background Thread 3 ] DEBUG Engine               - class com.almasb.fxgl.minigames.MiniGameService
11:39:26.007 [FXGL Background Thread 3 ] DEBUG Engine               - class com.almasb.fxgl.net.NetService
11:39:26.007 [FXGL Background Thread 3 ] DEBUG Engine               - class com.almasb.fxgl.app.services.UpdaterService
11:39:26.007 [FXGL Background Thread 3 ] DEBUG Engine               - class com.almasb.fxgl.dev.DevService
11:39:28.043 [JavaFX Application Thread] DEBUG FXGLAssetLoaderServi - Loading from file system: file:/D:/FinProject/target/classes/assets/textures/bucket.png
11:39:47.213 [JavaFX Application Thread] DEBUG FXGLApplication      - Exiting FXGL
11:39:47.213 [JavaFX Application Thread] DEBUG LoopRunner           - Stopping loop
11:39:47.213 [JavaFX Application Thread] DEBUG SystemBundleService  - Saving FXGL system data
11:39:47.232 [JavaFX Application Thread] DEBUG FileSystemAccess     - Writing to: D:\FinProject\system\fxgl.bundle
11:39:47.258 [JavaFX Application Thread] DEBUG Async                - Shutting down background threads
11:39:47.258 [JavaFX Application Thread] DEBUG PrimaryStageWindow   - Closing main window
11:39:47.269 [JavaFX Application Thread] DEBUG Logger               - Closing Logger
